*** ENVIRONMENT CRASH ***

Date: May 17 2017 10:36 PM

File Name: C:\Program Files (x86)\Ready to Program\Ready.exe
Version: 1.7  [11]
File Size: 2904103
File Date: Oct 2 2003 4:13 PM
Operating System: After Windows XP
JVM: Ready Built-in JRE (1.4.2 or later)
"assert" Statements: disabled


Cause of Crash: Access Violation

Previous Operations:
    ннннннннннннннннннннннннннннннннннннннннннннннннннннннннннннннннннннннннннннннннннннннннннннннннннннннннннннннннннннннннннннннннннннннннннннннннннннннннннннннннннннннннннннннннннннннннннннннннннннннннннннннннннннннннннннннннннннннннннннннннннннннннннннннннннннннннннннннннннннннннннннннннннннннннннннннннннннннннннннннннннннннннннннннннннннннннннннннннннннннннннннннннннннннннннннннннннннннннннннннннннннннннннннннннннннннннннннннннннннннннннннннннннннннннннннннннннннннннннннннннннннннннннннннннннннннннннннннннE
    ннннннннннннннннннннннннннннннннннннннннннннннннннннннннннннннннннннннннннннннннннннннннннннннннннннннннннннннннннннннннннннннннннннннннннннннннннннннннннннннннннннннннннннннннннннннннннннннннннннннннннннннннннннннннннннннннннннннннннннннннннннннннннннннннннннннннннннннннннннннннннннннннннннннннннннннннннннннннннннннннннннннннннннннннннннннннннннннннннннннннннннннннннннннннннннннннннннннннннннннннннннннннннннннннннннннннннннннннннннннннннннннннннннннннннннннннннннннннннннннннннннннннннннннннннннннннннннннннE
    ннннннннннннннннннннннннннннннннннннннннннннннннннннннннннннннннннннннннннннннннннннннннннннннннннннннннннннннннннннннннннннннннннннннннннннннннннннннннннннннннннннннннннннннннннннннннннннннннннннннннннннннннннннннннннннннннннннннннннннннннннннннннннннннннннннннннннннннннннннннннннннннннннннннннннннннннннннннннннннннннннннннннннннннннннннннннннннннннннннннннннннннннннннннннннннннннннннннннннннннннннннннннннннннннннннннннннннннннннннннннннннннннннннннннннннннннннннннннннннннннннннннннннннннннннннннннннннннннE
    нннннннннннннннннннннннннннннннннннннннннннннннннннннннннннннннннннннннннннннннннннннннннннннннннннннннннннннннннннннннннннннннннннннннннннннннннннннннннннннннннннннннннннннннннннннннннннннннннннннннннннннннннннннннннннннннннннннннннннннннннннннннннннннннннннннннннннннннннннннннннннннннннннннннннннннннннннннннннннннннннннннннннннннннннннннннннннннннннннннннннннннннннннннннннннннннннннннннннннннннннннннннннннннннннннннннннннннннннннннннннннннннннннннннннннннннннннннннннннннннннннннннннннннннннннннннн
    нннннннннннннннннннннннннннннннннннннннннннннннннннннннннннннннннннннннннннннннннннннннннннннннннннннннннннннннннннннннннннннннннннннннннннннннннннннннннннннннннннннннннннннннннннннннннннннннннннннннннннннннннннннннннннннннннннннннннннннннннннннннннннннннннннннннннннннннннннннннннннннннннннннннннннннннннннннннннннннннннннннннннннннннннннннннннннннннннннннннннннннннннннннннннннннннннннннннннннннннннннннннннннннннннннннннннннннннннннннннннннннннннннннннннннннннннннннннннннннннннннннннннннннннннннннннн
    нннннннннннннннннннннннннннннннннннннннннннннннннннннннннннннннннннннннннннннннннннннннннннннннннннннннннннннннннннннннннннннннннннннннннннннннннннннннннннннннннннннннннннннннннннннннннннннннннннннннннннннннннннннннннннннннннннннннннннннннннннннннннннннннннннннннннннннннннннннннннннннннннннннннннннннннннннннннннннннннннннннннннннннннннннннннннннннннннннннннннннннннннннннннннннннннннннннннннннннннннннннннннннннннннннннннннннннннннннннннннннннннннннннннннннннннннннннннннннннннннннннннннннннннннннннннн
    нннннннннннннннннннннннннннннннннннннннннннннннннннннннннннннннннннннннннннннннннннннннннннннннннннннннннннннннннннннннннннннннннннннннннннннннннннннннннннннннннннннннннннннннннннннннннннннннннннннннннннннннннннннннннннннннннннннннннннннннннннннннннннннннннннннннннннннннннннннннннннннннннннннннннннннннннннннннннннннннннннннннннннннннннннннннннннннннннннннннннннннннннннннннннннннннннннннннннннннннннннннннннннннннннннннннннннннннннннннннннннннннннннннннннннннннннннннннннннннннннннннннннннннннннннннннн
    нннннннннннннннннннннннннннннннннннннннннннннннннннннннннннннннннннннннннннннннннннннннннннннннннннннннннннннннннннннннннннннннннннннннннннннннннннннннннннннннннннннннннннннннннннннннннннннннннннннннннннннннннннннннннннннннннннннннннннннннннннннннннннннннннннннннннннннннннннннннннннннннннннннннннннннннннннннннннннннннннннннннннннннннннннннннннннннннннннннннннннннннннннннннннннннннннннннннннннннннннннннннннннннннннннннннннннннннннннннннннннннннннннннннннннннннннннннннннннннннннннннннннннннннннннннннн
    нннннннннннннннннннннннннннннннннннннннннннннннннннннннннннннннннннннннннннннннннннннннннннннннннннннннннннннннннннннннннннннннннннннннннннннннннннннннннннннннннннннннннннннннннннннннннннннннннннннннннннннннннннннннннннннннннннннннннннннннннннннннннннннннннннннннннннннннннннннннннннннннннннннннннннннннннннннннннннннннннннннннннннннннннннннннннннннннннннннннннннннннннннннннннннннннннннннннннннннннннннннннннннннннннннннннннннннннннннннннннннннннннннннннннннннннннннннннннннннннннннннннннннннннннннннннн
    нннннннннннннннннннннннннннннннннннннннннннннннннннннннннннннннннннннннннннннннннннннннннннннннннннннннннннннннннннннннннннннннннннннннннннннннннннннннннннннннннннннннннннннннннннннннннннннннннннннннннннннннннннннннннннннннннннннннннннннннннннннннннннннннннннннннннннннннннннннннннннннннннннннннннннннннннннннннннннннннннннннннннннннннннннннннннннннннннннннннннннннннннннннннннннннннннннннннннннннннннннннннннннннннннннннннннннннннннннннннннннннннннннннннннннннннннннннннннннннннннннннннннннннннннннннннн
    нннннннннннннннннннннннннннннннннннннннннннннннннннннннннннннннннннннннннннннннннннннннннннннннннннннннннннннннннннннннннннннннннннннннннннннннннннннннннннннннннннннннннннннннннннннннннннннннннннннннннннннннннннннннннннннннннннннннннннннннннннннннннннннннннннннннннннннннннннннннннннннннннннннннннннннннннннннннннннннннннннннннннннннннннннннннннннннннннннннннннннннннннннннннннннннннннннннннннннннннннннннннннннннннннннннннннннннннннннннннннннннннннннннннннннннннннннннннннннннннннннннннннннннннннннннннн
    нннннннннннннннннннннннннннннннннннннннннннннннннннннннннннннннннннннннннннннннннннннннннннннннннннннннннннннннннннннннннннннннннннннннннннннннннннннннннннннннннннннннннннннннннннннннннннннннннннннннннннннннннннннннннннннннннннннннннннннннннннннннннннннннннннннннннннннннннннннннннннннннннннннннннннннннннннннннннннннннннннннннннннннннннннннннннннннннннннннннннннннннннннннннннннннннннннннннннннннннннннннннннннннннннннннннннннннннннннннннннннннннннннннннннннннннннннннннннннннннннннннннннннннннннннннннн
    нннннннннннннннннннннннннннннннннннннннннннннннннннннннннннннннннннннннннннннннннннннннннннннннннннннннннннннннннннннннннннннннннннннннннннннннннннннннннннннннннннннннннннннннннннннннннннннннннннннннннннннннннннннннннннннннннннннннннннннннннннннннннннннннннннннннннннннннннннннннннннннннннннннннннннннннннннннннннннннннннннннннннннннннннннннннннннннннннннннннннннннннннннннннннннннннннннннннннннннннннннннннннннннннннннннннннннннннннннннннннннннннннннннннннннннннннннннннннннннннннннннннннннннннннннннннн
    нннннннннннннннннннннннннннннннннннннннннннннннннннннннннннннннннннннннннннннннннннннннннннннннннннннннннннннннннннннннннннннннннннннннннннннннннннннннннннннннннннннннннннннннннннннннннннннннннннннннннннннннннннннннннннннннннннннннннннннннннннннннннннннннннннннннннннннннннннннннннннннннннннннннннннннннннннннннннннннннннннннннннннннннннннннннннннннннннннннннннннннннннннннннннннннннннннннннннннннннннннннннннннннннннннннннннннннннннннннннннннннннннннннннннннннннннннннннннннннннннннннннннннннннннннннннн 300 200 џџЯЗ[
    JavaSup: -pipe 520 532 464 198326
    JavaSup: JVM Option: "-Djava.class.path=.;C:\Program Files (x86)\Ready to Program\Support\Ready Classes;C:\Program Files (x86)\Ready to Program\Support\Classes;C:\Program Files (x86)\Ready to Program\Support\Ready Classes\tools.jar;"
    JavaSup: JVM Option: "-Djava.library.path=C:\Program Files (x86)\Ready to Program\Support\Bin"
    JavaSup: JVM Option: "-enableassertions"
    JavaSup: JVM Option: "-Xdebug"
    JavaSup: JVM Option: "-Xrunjdwp:transport=dt_shmem,address=readyshmem,server=y,suspend=n"
  CMD: WM_ACTIVATE (W)
  CMD: WM_ACTIVATE (W)
  CMD: WM_CLOSE (W)
  CMD: WM_ACTIVATE (W)
  CMD: WM_ACTIVATE (W)
  CMD: WM_ACTIVATE (W)
  CMD: WM_DESTROY (W)
  CMD: WM_DESTROY (D)


Registers
  EAX=00847C97  EBX=00000000  ECX=007C8390  EDX=0000FF20  ESI=007C0000
  EDI=007C0000  EBP=0019E490  ESP=0019E450  EIP=778CB5E9  FLG=00010202
  CS=0023  DS=002B  SS=002B  ES=002B  FS=0053  GS=002B

List of Modules: 
    C:\Program Files (x86)\Ready to Program\Ready.exe
    C:\WINDOWS\SYSTEM32\ntdll.dll
    C:\WINDOWS\System32\KERNEL32.DLL
    C:\WINDOWS\System32\KERNELBASE.dll
    C:\Program Files (x86)\AVG\Antivirus\aswhookx.dll
    C:\WINDOWS\System32\ADVAPI32.DLL
    C:\WINDOWS\System32\msvcrt.dll
    C:\WINDOWS\System32\sechost.dll
    C:\WINDOWS\System32\RPCRT4.dll
    C:\WINDOWS\System32\SspiCli.dll
    C:\WINDOWS\System32\CRYPTBASE.dll
    C:\WINDOWS\System32\bcryptPrimitives.dll
    C:\WINDOWS\System32\USER32.dll
    C:\WINDOWS\System32\win32u.dll
    C:\WINDOWS\System32\GDI32.dll
    C:\WINDOWS\System32\gdi32full.dll
    C:\WINDOWS\System32\comdlg32.dll
    C:\WINDOWS\System32\combase.dll
    C:\WINDOWS\System32\ucrtbase.dll
    C:\WINDOWS\System32\shcore.dll
    C:\WINDOWS\System32\SHLWAPI.dll
    C:\WINDOWS\System32\SHELL32.dll
    C:\WINDOWS\System32\cfgmgr32.dll
    C:\WINDOWS\System32\windows.storage.dll
    C:\WINDOWS\System32\powrprof.dll
    C:\WINDOWS\System32\kernel.appcore.dll
    C:\WINDOWS\System32\profapi.dll
    C:\WINDOWS\WinSxS\x86_microsoft.windows.common-controls_6595b64144ccf1df_5.82.14393.447_none_5507ded2cb4f7f4c\COMCTL32.dll
    C:\WINDOWS\SYSTEM32\VERSION.dll
    C:\WINDOWS\SYSTEM32\WINMM.dll
    C:\WINDOWS\SYSTEM32\WINMMBASE.dll
    C:\WINDOWS\System32\IMM32.DLL
    C:\WINDOWS\system32\uxtheme.dll
    C:\WINDOWS\System32\MSCTF.dll
    C:\WINDOWS\System32\OLEAUT32.dll
    C:\WINDOWS\System32\msvcp_win.dll
    C:\Program Files (x86)\Ready to Program\Support\Bin\edjdll.dll
    C:\Program Files (x86)\Ready to Program\Support\jre142_01\bin\client\jvm.dll
    C:\WINDOWS\system32\apphelp.dll
    C:\Program Files (x86)\Ready to Program\Support\jre142_01\bin\hpi.dll
    C:\Program Files (x86)\Ready to Program\Support\jre142_01\bin\verify.dll
    C:\Program Files (x86)\Ready to Program\Support\jre142_01\bin\java.dll
    C:\Program Files (x86)\Ready to Program\Support\jre142_01\bin\zip.dll
    C:\WINDOWS\system32\dwmapi.dll
    C:\WINDOWS\WinSxS\x86_microsoft.windows.common-controls_6595b64144ccf1df_6.0.14393.953_none_89c2555adb023171\comctl32.DLL
    C:\Program Files (x86)\Ready to Program\Support\jre142_01\bin\dt_shmem.dll
    C:\Program Files (x86)\Ready to Program\Support\jre142_01\bin\net.dll
    C:\WINDOWS\System32\WS2_32.dll
    C:\WINDOWS\system32\napinsp.dll
    C:\WINDOWS\system32\pnrpnsp.dll
    C:\WINDOWS\system32\NLAapi.dll
    C:\WINDOWS\System32\mswsock.dll
    C:\WINDOWS\SYSTEM32\DNSAPI.dll
    C:\WINDOWS\System32\NSI.dll
    C:\WINDOWS\SYSTEM32\IPHLPAPI.DLL
    C:\WINDOWS\System32\winrnr.dll
    C:\WINDOWS\System32\wshbth.dll
    C:\Program Files (x86)\Bonjour\mdnsNSP.dll
    C:\WINDOWS\System32\fwpuclnt.dll
    C:\WINDOWS\SYSTEM32\bcrypt.dll
    C:\Windows\System32\rasadhlp.dll
    C:\WINDOWS\System32\ole32.dll
    C:\WINDOWS\SYSTEM32\dbghelp.dll

  0 .V PC=0023:778cb5e9 Ret=77913193 Frame=0019e490 Stack=0019e450
    Parameters (0x0000ff20 0x00000001 0xbfc60263 0x007c8168)
    Unknown module, RtlReAllocateHeap() + 6457 byte(s)
  1 .V PC=0023:77913193 Ret=778c8bd8 Frame=0019e598 Stack=0019e498
    Parameters (0x007c8168 0x007c8170 0x0019fef0 0x0019e6a0)
    Unknown module, LdrSetAppCompatDllRedirectionCallback() + 65395 byte(s)
  2 .V PC=0023:778c8bd8 Ret=0052fa05 Frame=0019e5ec Stack=0019e5a0
    Parameters (0x007c0000 0x00000000 0x007c8170 0x0019fef0)
    Unknown module, RtlFreeHeap() + 1880 byte(s)
  3 .V PC=0023:0052fa05 Ret=005250a7 Frame=0019e634 Stack=0019e5f4
    Parameters (0x007c8170 0x0019fef0 0x0019e6a0 0x003af000)
    free.c, _free_base (), Line 0096+0000 byte(s)
  4 .V PC=0023:005250a7 Ret=00524cc1 Frame=0019e650 Stack=0019e63c
    Parameters (0x007c8190 0x00000001 0x0019fef0 0x0019e6a0)
    dbgheap.c, _free_dbg_lk (), Line 1116+0009 byte(s)
  5 .V PC=0023:00524cc1 Ret=00414cc7 Frame=0019e684 Stack=0019e658
    Parameters (0x007c8190 0x00000001 0x0000000d 0x0019fef0)
    dbgheap.c, _free_dbg (), Line 1001+0013 byte(s)
  6 .V PC=0023:00414cc7 Ret=0040172b Frame=0019e698 Stack=0019e68c
    Parameters (0x0052bb70 0x0052bb70 0xcccccccc 0xcccccccc)
    src\edfail.c, EdFail_Finalize (), Line 0157+0018 byte(s)
  7 .V PC=0023:0040172b Ret=0052bc96 Frame=0019fef0 Stack=0019e6a0
    Parameters (0x00400000 0x00000000 0x0099251c 0x00000001)
    src\ed.c, WinMain (), Line 0486+0000 byte(s)
  8 .V PC=0023:0052bc96 Ret=769f62c4 Frame=0019ff80 Stack=0019fef8
    Parameters (0x003af000 0x769f62a0 0x22956ff2 0x0019ffdc)
    crt0.c, WinMainCRTStartup (), Line 0198+0054 byte(s)
  9 .V PC=0023:769f62c4 Ret=778e0fd9 Frame=0019ff94 Stack=0019ff88
    Parameters (0x003af000 0xbfc61827 0x00000000 0x00000000)
    Unknown module, BaseThreadInitThunk() + 0036 byte(s)
 10 .V PC=0023:778e0fd9 Ret=778e0fa4 Frame=0019ffdc Stack=0019ff9c
    Parameters (0xffffffff 0x77902eff 0x00000000 0x00000000)
    Unknown module, RtlSubscribeWnfStateChangeNotification() + 1081 byte(s)
 11 .V PC=0023:778e0fa4 Ret=00000000 Frame=0019ffec Stack=0019ffe4
    Parameters (0x0052bb70 0x003af000 0x00000000 0x78746341)
    Unknown module, RtlSubscribeWnfStateChangeNotification() + 1028 byte(s)

------------------------------------------------------
*** ENVIRONMENT CRASH ***

Date: Nov 3 2018 2:59 PM

File Name: C:\Program Files (x86)\Ready to Program\Ready.exe
Version: 1.7  [11]
File Size: 2904103
File Date: Oct 2 2003 4:13 PM
Operating System: After Windows XP
JVM: Ready Built-in JRE (1.4.2 or later)
"assert" Statements: disabled


Cause of Crash: Access Violation

Previous Operations:
    ннннннннннннннннннннннннннннннннннннннннннннннннннннннннннннннннннннннннннннннннннннннннннннннннннннннннннннннннннннннннннннннннннннннннннннннннннннннннннннннннннннннннннннннннннннннннннннннннннннннннннннннннннннннннннннннннннннннннннннннннннннннннннннннннннннннннннннннннннннннннннннннннннннннннннннннннннннннннннннннннннннннннннннннннннннннннннннннннннннннннннннннннннннннннннннннннннннннннннннннннннннннннннннннннннннннннннннннннннннннннннннннннннннннннннннннннннннннннннннннннннннннннннннннннннннннннннннннннE
    ннннннннннннннннннннннннннннннннннннннннннннннннннннннннннннннннннннннннннннннннннннннннннннннннннннннннннннннннннннннннннннннннннннннннннннннннннннннннннннннннннннннннннннннннннннннннннннннннннннннннннннннннннннннннннннннннннннннннннннннннннннннннннннннннннннннннннннннннннннннннннннннннннннннннннннннннннннннннннннннннннннннннннннннннннннннннннннннннннннннннннннннннннннннннннннннннннннннннннннннннннннннннннннннннннннннннннннннннннннннннннннннннннннннннннннннннннннннннннннннннннннннннннннннннннннннннннннннннE
    ннннннннннннннннннннннннннннннннннннннннннннннннннннннннннннннннннннннннннннннннннннннннннннннннннннннннннннннннннннннннннннннннннннннннннннннннннннннннннннннннннннннннннннннннннннннннннннннннннннннннннннннннннннннннннннннннннннннннннннннннннннннннннннннннннннннннннннннннннннннннннннннннннннннннннннннннннннннннннннннннннннннннннннннннннннннннннннннннннннннннннннннннннннннннннннннннннннннннннннннннннннннннннннннннннннннннннннннннннннннннннннннннннннннннннннннннннннннннннннннннннннннннннннннннннннннннннннннннE
    нннннннннннннннннннннннннннннннннннннннннннннннннннннннннннннннннннннннннннннннннннннннннннннннннннннннннннннннннннннннннннннннннннннннннннннннннннннннннннннннннннннннннннннннннннннннннннннннннннннннннннннннннннннннннннннннннннннннннннннннннннннннннннннннннннннннннннннннннннннннннннннннннннннннннннннннннннннннннннннннннннннннннннннннннннннннннннннннннннннннннннннннннннннннннннннннннннннннннннннннннннннннннннннннннннннннннннннннннннннннннннннннннннннннннннннннннннннннннннннннннннннннннннннннннннннннн
    нннннннннннннннннннннннннннннннннннннннннннннннннннннннннннннннннннннннннннннннннннннннннннннннннннннннннннннннннннннннннннннннннннннннннннннннннннннннннннннннннннннннннннннннннннннннннннннннннннннннннннннннннннннннннннннннннннннннннннннннннннннннннннннннннннннннннннннннннннннннннннннннннннннннннннннннннннннннннннннннннннннннннннннннннннннннннннннннннннннннннннннннннннннннннннннннннннннннннннннннннннннннннннннннннннннннннннннннннннннннннннннннннннннннннннннннннннннннннннннннннннннннннннннннннннннннн
    нннннннннннннннннннннннннннннннннннннннннннннннннннннннннннннннннннннннннннннннннннннннннннннннннннннннннннннннннннннннннннннннннннннннннннннннннннннннннннннннннннннннннннннннннннннннннннннннннннннннннннннннннннннннннннннннннннннннннннннннннннннннннннннннннннннннннннннннннннннннннннннннннннннннннннннннннннннннннннннннннннннннннннннннннннннннннннннннннннннннннннннннннннннннннннннннннннннннннннннннннннннннннннннннннннннннннннннннннннннннннннннннннннннннннннннннннннннннннннннннннннннннннннннннннннннннн
    нннннннннннннннннннннннннннннннннннннннннннннннннннннннннннннннннннннннннннннннннннннннннннннннннннннннннннннннннннннннннннннннннннннннннннннннннннннннннннннннннннннннннннннннннннннннннннннннннннннннннннннннннннннннннннннннннннннннннннннннннннннннннннннннннннннннннннннннннннннннннннннннннннннннннннннннннннннннннннннннннннннннннннннннннннннннннннннннннннннннннннннннннннннннннннннннннннннннннннннннннннннннннннннннннннннннннннннннннннннннннннннннннннннннннннннннннннннннннннннннннннннннннннннннннннннннн
    нннннннннннннннннннннннннннннннннннннннннннннннннннннннннннннннннннннннннннннннннннннннннннннннннннннннннннннннннннннннннннннннннннннннннннннннннннннннннннннннннннннннннннннннннннннннннннннннннннннннннннннннннннннннннннннннннннннннннннннннннннннннннннннннннннннннннннннннннннннннннннннннннннннннннннннннннннннннннннннннннннннннннннннннннннннннннннннннннннннннннннннннннннннннннннннннннннннннннннннннннннннннннннннннннннннннннннннннннннннннннннннннннннннннннннннннннннннннннннннннннннннннннннннннннннннннн
    нннннннннннннннннннннннннннннннннннннннннннннннннннннннннннннннннннннннннннннннннннннннннннннннннннннннннннннннннннннннннннннннннннннннннннннннннннннннннннннннннннннннннннннннннннннннннннннннннннннннннннннннннннннннннннннннннннннннннннннннннннннннннннннннннннннннннннннннннннннннннннннннннннннннннннннннннннннннннннннннннннннннннннннннннннннннннннннннннннннннннннннннннннннннннннннннннннннннннннннннннннннннннннннннннннннннннннннннннннннннннннннннннннннннннннннннннннннннннннннннннннннннннннннннннннннннн
    нннннннннннннннннннннннннннннннннннннннннннннннннннннннннннннннннннннннннннннннннннннннннннннннннннннннннннннннннннннннннннннннннннннннннннннннннннннннннннннннннннннннннннннннннннннннннннннннннннннннннннннннннннннннннннннннннннннннннннннннннннннннннннннннннннннннннннннннннннннннннннннннннннннннннннннннннннннннннннннннннннннннннннннннннннннннннннннннннннннннннннннннннннннннннннннннннннннннннннннннннннннннннннннннннннннннннннннннннннннннннннннннннннннннннннннннннннннннннннннннннннннннннннннннннннннннн
    нннннннннннннннннннннннннннннннннннннннннннннннннннннннннннннннннннннннннннннннннннннннннннннннннннннннннннннннннннннннннннннннннннннннннннннннннннннннннннннннннннннннннннннннннннннннннннннннннннннннннннннннннннннннннннннннннннннннннннннннннннннннннннннннннннннннннннннннннннннннннннннннннннннннннннннннннннннннннннннннннннннннннннннннннннннннннннннннннннннннннннннннннннннннннннннннннннннннннннннннннннннннннннннннннннннннннннннннннннннннннннннннннннннннннннннннннннннннннннннннннннннннннннннннннннннннн
    нннннннннннннннннннннннннннннннннннннннннннннннннннннннннннннннннннннннннннннннннннннннннннннннннннннннннннннннннннннннннннннннннннннннннннннннннннннннннннннннннннннннннннннннннннннннннннннннннннннннннннннннннннннннннннннннннннннннннннннннннннннннннннннннннннннннннннннннннннннннннннннннннннннннннннннннннннннннннннннннннннннннннннннннннннннннннннннннннннннннннннннннннннннннннннннннннннннннннннннннннннннннннннннннннннннннннннннннннннннннннннннннннннннннннннннннннннннннннннннннннннннннннннннннннннннннн
    нннннннннннннннннннннннннннннннннннннннннннннннннннннннннннннннннннннннннннннннннннннннннннннннннннннннннннннннннннннннннннннннннннннннннннннннннннннннннннннннннннннннннннннннннннннннннннннннннннннннннннннннннннннннннннннннннннннннннннннннннннннннннннннннннннннннннннннннннннннннннннннннннннннннннннннннннннннннннннннннннннннннннннннннннннннннннннннннннннннннннннннннннннннннннннннннннннннннннннннннннннннннннннннннннннннннннннннннннннннннннннннннннннннннннннннннннннннннннннннннннннннннннннннннннннннннн
    ннннннннннннннннннннннннннннннннннннннннннннннннннннннннннннннннннннннннннннннннннннннннннннннннннннннннннннннннннннннннннннннннннннннннннннннннннннннннннннннннннннннннннннннннннннннннннннннннннннннннннннннннннннннннннннннннннннннннннннннннннннннннннннннннннннннннннннннннннннннннннннннннннннннннннннннннннннннннннннннннннннннннннннннннннннннннннннннннннннннннннннннннннннннннннннннннннннннннннннннннннннннннннннннннннннннннннннннннннннннннннннннннннннннннннннннннннннннннннннннннннннннннннннннннннннннннe\Nair_AditU|SOblN" 300 200 џџ"
    JavaSup: -pipe 656 668 584 2296100
    JavaSup: JVM Option: "-Djava.class.path=.;C:\Program Files (x86)\Ready to Program\Support\Ready Classes;C:\Program Files (x86)\Ready to Program\Support\Classes;C:\Program Files (x86)\Ready to Program\Support\Ready Classes\tools.jar;"
    JavaSup: JVM Option: "-Djava.library.path=C:\Program Files (x86)\Ready to Program\Support\Bin"
    JavaSup: JVM Option: "-enableassertions"
    JavaSup: JVM Option: "-Xdebug"
    JavaSup: JVM Option: "-Xrunjdwp:transport=dt_shmem,address=readyshmem,server=y,suspend=n"
  CMD: WM_ACTIVATE (W)
  CMD: WM_ACTIVATE (W)
  CMD: WM_CLOSE (W)
  CMD: WM_ACTIVATE (W)
  CMD: WM_ACTIVATE (W)
  CMD: WM_ACTIVATE (W)
  CMD: WM_DESTROY (W)
  CMD: WM_DESTROY (D)


Registers
  EAX=3320224E  EBX=026C6610  ECX=026C6280  EDX=026C8448  ESI=026C8440
  EDI=026C0000  EBP=0019E598  ESP=0019E458  EIP=770A2F6A  FLG=00010246
  CS=0023  DS=002B  SS=002B  ES=002B  FS=0053  GS=002B

List of Modules: 
    C:\Program Files (x86)\Ready to Program\Ready.exe
    C:\WINDOWS\SYSTEM32\ntdll.dll
    C:\WINDOWS\System32\KERNEL32.DLL
    C:\WINDOWS\System32\KERNELBASE.dll
    C:\WINDOWS\System32\ADVAPI32.DLL
    C:\WINDOWS\System32\msvcrt.dll
    C:\WINDOWS\System32\sechost.dll
    C:\WINDOWS\System32\RPCRT4.dll
    C:\WINDOWS\System32\SspiCli.dll
    C:\WINDOWS\System32\CRYPTBASE.dll
    C:\WINDOWS\System32\bcryptPrimitives.dll
    C:\WINDOWS\System32\USER32.dll
    C:\WINDOWS\System32\win32u.dll
    C:\WINDOWS\System32\GDI32.dll
    C:\WINDOWS\System32\gdi32full.dll
    C:\WINDOWS\System32\msvcp_win.dll
    C:\WINDOWS\System32\ucrtbase.dll
    C:\WINDOWS\System32\comdlg32.dll
    C:\WINDOWS\System32\combase.dll
    C:\WINDOWS\System32\shcore.dll
    C:\WINDOWS\System32\SHLWAPI.dll
    C:\WINDOWS\System32\SHELL32.dll
    C:\WINDOWS\System32\cfgmgr32.dll
    C:\WINDOWS\System32\windows.storage.dll
    C:\WINDOWS\System32\kernel.appcore.dll
    C:\WINDOWS\System32\profapi.dll
    C:\WINDOWS\System32\powrprof.dll
    C:\WINDOWS\System32\FLTLIB.DLL
    C:\WINDOWS\SYSTEM32\VERSION.dll
    C:\WINDOWS\WinSxS\x86_microsoft.windows.common-controls_6595b64144ccf1df_5.82.17134.345_none_40ff7c964511edcf\COMCTL32.dll
    C:\WINDOWS\SYSTEM32\WINMM.dll
    C:\WINDOWS\SYSTEM32\winmmbase.dll
    C:\WINDOWS\System32\IMM32.DLL
    C:\WINDOWS\system32\uxtheme.dll
    C:\WINDOWS\System32\MSCTF.dll
    C:\WINDOWS\System32\OLEAUT32.dll
    C:\Program Files (x86)\Ready to Program\Support\Bin\edjdll.dll
    C:\Program Files (x86)\Ready to Program\Support\jre142_01\bin\client\jvm.dll
    C:\Program Files (x86)\Ready to Program\Support\jre142_01\bin\hpi.dll
    C:\Program Files (x86)\Ready to Program\Support\jre142_01\bin\verify.dll
    C:\Program Files (x86)\Ready to Program\Support\jre142_01\bin\java.dll
    C:\Program Files (x86)\Ready to Program\Support\jre142_01\bin\zip.dll
    C:\Program Files (x86)\Ready to Program\Support\jre142_01\bin\dt_shmem.dll
    C:\Program Files (x86)\Ready to Program\Support\jre142_01\bin\net.dll
    C:\WINDOWS\System32\WS2_32.dll
    C:\WINDOWS\system32\napinsp.dll
    C:\WINDOWS\system32\pnrpnsp.dll
    C:\WINDOWS\system32\NLAapi.dll
    C:\WINDOWS\System32\mswsock.dll
    C:\WINDOWS\SYSTEM32\DNSAPI.dll
    C:\WINDOWS\System32\NSI.dll
    C:\WINDOWS\SYSTEM32\IPHLPAPI.DLL
    C:\WINDOWS\System32\winrnr.dll
    C:\WINDOWS\System32\wshbth.dll
    C:\WINDOWS\System32\fwpuclnt.dll
    C:\WINDOWS\SYSTEM32\bcrypt.dll
    C:\Windows\System32\rasadhlp.dll
    C:\WINDOWS\System32\TextInputFramework.dll
    C:\WINDOWS\System32\CoreUIComponents.dll
    C:\WINDOWS\SYSTEM32\ntmarta.dll
    C:\WINDOWS\System32\CoreMessaging.dll
    C:\WINDOWS\SYSTEM32\wintypes.dll
    C:\WINDOWS\system32\dwmapi.dll
    C:\WINDOWS\WinSxS\x86_microsoft.windows.common-controls_6595b64144ccf1df_6.0.17134.345_none_42efd13044e18c5e\comctl32.DLL
    C:\WINDOWS\System32\ole32.dll
    C:\WINDOWS\SYSTEM32\dbghelp.dll

  0 .V PC=0023:770a2f6a Ret=770a2312 Frame=0019e598 Stack=0019e458
    Parameters (0x026c8218 0x026c8220 0x0019fef0 0x0019e6a0)
    Unknown module, RtlGetCurrentServiceSessionId() + 2330 byte(s)
  1 .V PC=0023:770a2312 Ret=0052fa05 Frame=0019e5ec Stack=0019e5a0
    Parameters (0x026c0000 0x00000000 0x026c8220 0x0019fef0)
    Unknown module, RtlFreeHeap() + 0546 byte(s)
  2 .V PC=0023:0052fa05 Ret=005250a7 Frame=0019e634 Stack=0019e5f4
    Parameters (0x026c8220 0x0019fef0 0x0019e6a0 0x0037f000)
    free.c, _free_base (), Line 0096+0000 byte(s)
  3 .V PC=0023:005250a7 Ret=00524cc1 Frame=0019e650 Stack=0019e63c
    Parameters (0x026c8240 0x00000001 0x0019fef0 0x0019e6a0)
    dbgheap.c, _free_dbg_lk (), Line 1116+0009 byte(s)
  4 .V PC=0023:00524cc1 Ret=00414cc7 Frame=0019e684 Stack=0019e658
    Parameters (0x026c8240 0x00000001 0x0000000d 0x0019fef0)
    dbgheap.c, _free_dbg (), Line 1001+0013 byte(s)
  5 .V PC=0023:00414cc7 Ret=0040172b Frame=0019e698 Stack=0019e68c
    Parameters (0x0052bb70 0x0052bb70 0xcccccccc 0xcccccccc)
    src\edfail.c, EdFail_Finalize (), Line 0157+0018 byte(s)
  6 .V PC=0023:0040172b Ret=0052bc96 Frame=0019fef0 Stack=0019e6a0
    Parameters (0x00400000 0x00000000 0x00a73f8c 0x00000001)
    src\ed.c, WinMain (), Line 0486+0000 byte(s)
  7 .V PC=0023:0052bc96 Ret=74018484 Frame=0019ff80 Stack=0019fef8
    Parameters (0x0037f000 0x74018460 0xccd2110f 0x0019ffdc)
    crt0.c, WinMainCRTStartup (), Line 0198+0054 byte(s)
  8 .V PC=0023:74018484 Ret=770c305a Frame=0019ff94 Stack=0019ff88
    Parameters (0x0037f000 0x2d2f09a0 0x00000000 0x00000000)
    Unknown module, BaseThreadInitThunk() + 0036 byte(s)
  9 .V PC=0023:770c305a Ret=770c302a Frame=0019ffdc Stack=0019ff9c
    Parameters (0xffffffff 0x770dec9c 0x00000000 0x00000000)
    Unknown module, RtlValidSecurityDescriptor() + 0282 byte(s)
 10 .V PC=0023:770c302a Ret=00000000 Frame=0019ffec Stack=0019ffe4
    Parameters (0x0052bb70 0x0037f000 0x00000000 0x78746341)
    Unknown module, RtlValidSecurityDescriptor() + 0234 byte(s)

------------------------------------------------------
